# JRE version: Java(TM) SE Runtime Environment (8.0_361) (build 1.8.0_361-b09)
# Java VM: Java HotSpot(TM) 64-Bit Server VM (25.361-b09 mixed mode windows-amd64 compressed oops)
Heap:
 PSYoungGen      total 250368K, used 220422K [0x0000000780380000, 0x0000000794000000, 0x00000007c0000000)
  eden space 229888K, 95% used [0x0000000780380000,0x000000078dac1988,0x000000078e400000)
  from space 20480K, 0% used [0x000000078e400000,0x000000078e400000,0x000000078f800000)
  to   space 13312K, 0% used [0x000000078f800000,0x000000078f800000,0x0000000790500000)
 ParOldGen       total 127488K, used 21109K [0x0000000700a00000, 0x0000000708680000, 0x0000000780380000)
  object space 127488K, 16% used [0x0000000700a00000,0x0000000701e9d758,0x0000000708680000)
 Metaspace       used 61191K, capacity 65326K, committed 65408K, reserved 1105920K
  class space    used 8591K, capacity 9292K, committed 9344K, reserved 1048576K
GC Heap History (10 events):
Event: 8.186 GC heap before
{Heap before GC invocations=6 (full 1):
 PSYoungGen      total 161280K, used 136340K [0x0000000780380000, 0x000000078d380000, 0x00000007c0000000)
  eden space 153088K, 83% used [0x0000000780380000,0x00000007880a7020,0x0000000789900000)
  from space 8192K, 99% used [0x000000078cb80000,0x000000078d37e3a0,0x000000078d380000)
  to   space 8192K, 0% used [0x000000078c380000,0x000000078c380000,0x000000078cb80000)
 ParOldGen       total 76800K, used 8809K [0x0000000700a00000, 0x0000000705500000, 0x0000000780380000)
  object space 76800K, 11% used [0x0000000700a00000,0x000000070129a720,0x0000000705500000)
 Metaspace       used 33110K, capacity 35382K, committed 35456K, reserved 1079296K
  class space    used 4516K, capacity 4949K, committed 4992K, reserved 1048576K
Event: 8.225 GC heap after
Heap after GC invocations=6 (full 1):
 PSYoungGen      total 204800K, used 8176K [0x0000000780380000, 0x0000000790500000, 0x00000007c0000000)
  eden space 196608K, 0% used [0x0000000780380000,0x0000000780380000,0x000000078c380000)
  from space 8192K, 99% used [0x000000078c380000,0x000000078cb7c0e0,0x000000078cb80000)
  to   space 13312K, 0% used [0x000000078f800000,0x000000078f800000,0x0000000790500000)
 ParOldGen       total 76800K, used 13266K [0x0000000700a00000, 0x0000000705500000, 0x0000000780380000)
  object space 76800K, 17% used [0x0000000700a00000,0x00000007016f4b98,0x0000000705500000)
 Metaspace       used 33110K, capacity 35382K, committed 35456K, reserved 1079296K
  class space    used 4516K, capacity 4949K, committed 4992K, reserved 1048576K
}
Event: 8.225 GC heap before
{Heap before GC invocations=7 (full 2):
 PSYoungGen      total 204800K, used 8176K [0x0000000780380000, 0x0000000790500000, 0x00000007c0000000)
  eden space 196608K, 0% used [0x0000000780380000,0x0000000780380000,0x000000078c380000)
  from space 8192K, 99% used [0x000000078c380000,0x000000078cb7c0e0,0x000000078cb80000)
  to   space 13312K, 0% used [0x000000078f800000,0x000000078f800000,0x0000000790500000)
 ParOldGen       total 76800K, used 13266K [0x0000000700a00000, 0x0000000705500000, 0x0000000780380000)
  object space 76800K, 17% used [0x0000000700a00000,0x00000007016f4b98,0x0000000705500000)
 Metaspace       used 33110K, capacity 35382K, committed 35456K, reserved 1079296K
  class space    used 4516K, capacity 4949K, committed 4992K, reserved 1048576K
Event: 8.317 GC heap after
Heap after GC invocations=7 (full 2):
 PSYoungGen      total 204800K, used 0K [0x0000000780380000, 0x0000000790500000, 0x00000007c0000000)
  eden space 196608K, 0% used [0x0000000780380000,0x0000000780380000,0x000000078c380000)
  from space 8192K, 0% used [0x000000078c380000,0x000000078c380000,0x000000078cb80000)
  to   space 13312K, 0% used [0x000000078f800000,0x000000078f800000,0x0000000790500000)
 ParOldGen       total 127488K, used 16964K [0x0000000700a00000, 0x0000000708680000, 0x0000000780380000)
  object space 127488K, 13% used [0x0000000700a00000,0x0000000701a91318,0x0000000708680000)
 Metaspace       used 33110K, capacity 35382K, committed 35456K, reserved 1079296K
  class space    used 4516K, capacity 4949K, committed 4992K, reserved 1048576K
}
Event: 14.298 GC heap before
{Heap before GC invocations=8 (full 2):
 PSYoungGen      total 204800K, used 196608K [0x0000000780380000, 0x0000000790500000, 0x00000007c0000000)
  eden space 196608K, 100% used [0x0000000780380000,0x000000078c380000,0x000000078c380000)
  from space 8192K, 0% used [0x000000078c380000,0x000000078c380000,0x000000078cb80000)
  to   space 13312K, 0% used [0x000000078f800000,0x000000078f800000,0x0000000790500000)
 ParOldGen       total 127488K, used 16964K [0x0000000700a00000, 0x0000000708680000, 0x0000000780380000)
  object space 127488K, 13% used [0x0000000700a00000,0x0000000701a91318,0x0000000708680000)
 Metaspace       used 53652K, capacity 56954K, committed 57088K, reserved 1097728K
  class space    used 7489K, capacity 8076K, committed 8192K, reserved 1048576K
Event: 14.342 GC heap after
Heap after GC invocations=8 (full 2):
 PSYoungGen      total 243200K, used 13307K [0x0000000780380000, 0x0000000794000000, 0x00000007c0000000)
  eden space 229888K, 0% used [0x0000000780380000,0x0000000780380000,0x000000078e400000)
  from space 13312K, 99% used [0x000000078f800000,0x00000007904fef30,0x0000000790500000)
  to   space 20480K, 0% used [0x000000078e400000,0x000000078e400000,0x000000078f800000)
 ParOldGen       total 127488K, used 26322K [0x0000000700a00000, 0x0000000708680000, 0x0000000780380000)
  object space 127488K, 20% used [0x0000000700a00000,0x00000007023b4a50,0x0000000708680000)
 Metaspace       used 53652K, capacity 56954K, committed 57088K, reserved 1097728K
  class space    used 7489K, capacity 8076K, committed 8192K, reserved 1048576K
}
Event: 15.369 GC heap before
{Heap before GC invocations=9 (full 2):
 PSYoungGen      total 243200K, used 81294K [0x0000000780380000, 0x0000000794000000, 0x00000007c0000000)
  eden space 229888K, 29% used [0x0000000780380000,0x00000007845e4b48,0x000000078e400000)
  from space 13312K, 99% used [0x000000078f800000,0x00000007904fef30,0x0000000790500000)
  to   space 20480K, 0% used [0x000000078e400000,0x000000078e400000,0x000000078f800000)
 ParOldGen       total 127488K, used 26322K [0x0000000700a00000, 0x0000000708680000, 0x0000000780380000)
  object space 127488K, 20% used [0x0000000700a00000,0x00000007023b4a50,0x0000000708680000)
 Metaspace       used 55547K, capacity 59006K, committed 59096K, reserved 1099776K
  class space    used 7729K, capacity 8316K, committed 8320K, reserved 1048576K
Event: 15.397 GC heap after
Heap after GC invocations=9 (full 2):
 PSYoungGen      total 250368K, used 10657K [0x0000000780380000, 0x0000000794000000, 0x00000007c0000000)
  eden space 229888K, 0% used [0x0000000780380000,0x0000000780380000,0x000000078e400000)
  from space 20480K, 52% used [0x000000078e400000,0x000000078ee68558,0x000000078f800000)
  to   space 13312K, 0% used [0x000000078f800000,0x000000078f800000,0x0000000790500000)
 ParOldGen       total 127488K, used 26330K [0x0000000700a00000, 0x0000000708680000, 0x0000000780380000)
  object space 127488K, 20% used [0x0000000700a00000,0x00000007023b6a50,0x0000000708680000)
 Metaspace       used 55547K, capacity 59006K, committed 59096K, reserved 1099776K
  class space    used 7729K, capacity 8316K, committed 8320K, reserved 1048576K
}
Event: 15.397 GC heap before
{Heap before GC invocations=10 (full 3):
 PSYoungGen      total 250368K, used 10657K [0x0000000780380000, 0x0000000794000000, 0x00000007c0000000)
  eden space 229888K, 0% used [0x0000000780380000,0x0000000780380000,0x000000078e400000)
  from space 20480K, 52% used [0x000000078e400000,0x000000078ee68558,0x000000078f800000)
  to   space 13312K, 0% used [0x000000078f800000,0x000000078f800000,0x0000000790500000)
 ParOldGen       total 127488K, used 26330K [0x0000000700a00000, 0x0000000708680000, 0x0000000780380000)
  object space 127488K, 20% used [0x0000000700a00000,0x00000007023b6a50,0x0000000708680000)
 Metaspace       used 55547K, capacity 59006K, committed 59096K, reserved 1099776K
  class space    used 7729K, capacity 8316K, committed 8320K, reserved 1048576K
Event: 15.624 GC heap after
Heap after GC invocations=10 (full 3):
 PSYoungGen      total 250368K, used 0K [0x0000000780380000, 0x0000000794000000, 0x00000007c0000000)
  eden space 229888K, 0% used [0x0000000780380000,0x0000000780380000,0x000000078e400000)
  from space 20480K, 0% used [0x000000078e400000,0x000000078e400000,0x000000078f800000)
  to   space 13312K, 0% used [0x000000078f800000,0x000000078f800000,0x0000000790500000)
 ParOldGen       total 127488K, used 21109K [0x0000000700a00000, 0x0000000708680000, 0x0000000780380000)
  object space 127488K, 16% used [0x0000000700a00000,0x0000000701e9d758,0x0000000708680000)
 Metaspace       used 55547K, capacity 59006K, committed 59096K, reserved 1099776K
  class space    used 7729K, capacity 8316K, committed 8320K, reserved 1048576K
}

